<?xml version="1.0" encoding="UTF-8"?>
<testsuite name="com.github.IkJuLim.accommodation_booking.service.UserServiceTest" tests="4" skipped="0" failures="0" errors="0" timestamp="2026-09-15T12:23:20.713Z" hostname="IkJuui-MacBookPro-7.local" time="0.615">
  <properties/>
  <testcase name="회원 서비스 SignUp 실패 - 닉네임에 특수문자 포함 불가" classname="com.github.IkJuLim.accommodation_booking.service.UserServiceTest" time="0.586"/>
  <testcase name="회원 서비스 SignUp 실패 - 잘못된 Email 형식" classname="com.github.IkJuLim.accommodation_booking.service.UserServiceTest" time="0.006"/>
  <testcase name="회원 서비스 SignUp 실패 - ADMIN Role 가입 불가 예외 발생" classname="com.github.IkJuLim.accommodation_booking.service.UserServiceTest" time="0.009"/>
  <testcase name="회원 서비스 SignUp 성공" classname="com.github.IkJuLim.accommodation_booking.service.UserServiceTest" time="0.007"/>
  <system-out><![CDATA[21:23:21.201 [Test worker] INFO org.hibernate.validator.internal.util.Version -- HV000001: Hibernate Validator 9.1.3.Final
]]></system-out>
  <system-err><![CDATA[]]></system-err>
</testsuite>
