<?xml version="1.0" encoding="UTF-8"?>
<testsuite name="com.github.IkJuLim.accommodation_booking.service.UserServiceTest" tests="4" skipped="0" failures="1" errors="0" timestamp="2026-09-15T08:31:41.697Z" hostname="IkJuui-MacBookPro-7.local" time="0.56">
  <properties/>
  <testcase name="회원 서비스 SignUp 실패 - 닉네임에 특수문자 포함 불가" classname="com.github.IkJuLim.accommodation_booking.service.UserServiceTest" time="0.53"/>
  <testcase name="회원 서비스 SignUp 실패 - 잘못된 Email 형식" classname="com.github.IkJuLim.accommodation_booking.service.UserServiceTest" time="0.006"/>
  <testcase name="회원 서비스 SignUp 실패 - ADMIN Role 가입 불가 예외 발생" classname="com.github.IkJuLim.accommodation_booking.service.UserServiceTest" time="0.01">
    <failure message="java.lang.AssertionError: &#10;Expecting code to raise a throwable." type="java.lang.AssertionError">java.lang.AssertionError: 
Expecting code to raise a throwable.
	at com.github.IkJuLim.accommodation_booking.service.UserServiceTest.userSignUpTest_Fail_AdminRoleNotAllowed(UserServiceTest.java:139)
</failure>
  </testcase>
  <testcase name="회원 서비스 SignUp 성공" classname="com.github.IkJuLim.accommodation_booking.service.UserServiceTest" time="0.009"/>
  <system-out><![CDATA[17:31:42.131 [Test worker] INFO org.hibernate.validator.internal.util.Version -- HV000001: Hibernate Validator 9.1.3.Final
]]></system-out>
  <system-err><![CDATA[]]></system-err>
</testsuite>
